!SESSION 2013-08-22 15:42:29.208 -----------------------------------------------
eclipse.buildId=unknown
java.version=1.6.0_45
java.vendor=Apple Inc.
BootLoader constants: OS=macosx, ARCH=x86_64, WS=cocoa, NL=en_US
Framework arguments:  -product dk.itu.bigm.product
Command-line arguments:  -product dk.itu.bigm.product -data /Users/liangwei/Documents/eclipseForScala/Eclipse.app/Contents/MacOS/workspace/../runtime-dk.itu.bigm.product -dev file:/Users/liangwei/Documents/eclipseForScala/Eclipse.app/Contents/MacOS/workspace/.metadata/.plugins/org.eclipse.pde.core/dk.itu.bigm.product/dev.properties -os macosx -ws cocoa -arch x86_64 -consoleLog

!ENTRY org.eclipse.osgi 4 0 2013-08-22 15:42:30.248
!MESSAGE Error installing bundle: reference:file:../workspace/big-red-master/plugins/dk.itu.big_red/
!STACK 0
org.osgi.framework.BundleException: Invalid manifest header Bundle-ClassPath: ".,lib/poi-3.9-20121203.jar,lib/poi-ooxml-3.9-20121203.jar,lib/poi-ooxml-schemas-3.9-20121203.jar,lib/dom4j-1.6.1.jar,lib/xmlbeans-2.3.0.jar,lib/jaxen-1.1.1.jar,lib/bigmc.jar,lib/scala-library-2.9.1.jar,lib/poi-2.5.1-final-20040804.jar,lib/poi-contrib-2.5.1-final-20040804.jar,lib/poi-scratchpad-2.5.1-final-20040804.jar,lib/modelinterleaving.jar,lib/poi-3.8-beta5.jar,lib/bigmc-dataflow-pattern.jar,"
	at org.eclipse.osgi.util.ManifestElement.parseHeader(ManifestElement.java:353)
	at org.eclipse.osgi.internal.baseadaptor.BaseStorageHook.loadManifest(BaseStorageHook.java:104)
	at org.eclipse.osgi.internal.baseadaptor.BaseStorageHook.initialize(BaseStorageHook.java:82)
	at org.eclipse.osgi.internal.baseadaptor.BundleInstall.begin(BundleInstall.java:84)
	at org.eclipse.osgi.framework.internal.core.Framework.installWorkerPrivileged(Framework.java:930)
	at org.eclipse.osgi.framework.internal.core.Framework$1.run(Framework.java:838)
	at org.eclipse.osgi.framework.internal.core.Framework$1.run(Framework.java:1)
	at java.security.AccessController.doPrivileged(Native Method)
	at org.eclipse.osgi.framework.internal.core.Framework.installWorker(Framework.java:897)
	at org.eclipse.osgi.framework.internal.core.Framework.installBundle(Framework.java:833)
	at org.eclipse.osgi.framework.internal.core.BundleContextImpl.installBundle(BundleContextImpl.java:137)
	at org.eclipse.core.runtime.adaptor.EclipseStarter.installBundles(EclipseStarter.java:1026)
	at org.eclipse.core.runtime.adaptor.EclipseStarter.loadBasicBundles(EclipseStarter.java:613)
	at org.eclipse.core.runtime.adaptor.EclipseStarter.startup(EclipseStarter.java:276)
	at org.eclipse.core.runtime.adaptor.EclipseStarter.run(EclipseStarter.java:175)
	at sun.reflect.NativeMethodAccessorImpl.invoke0(Native Method)
	at sun.reflect.NativeMethodAccessorImpl.invoke(NativeMethodAccessorImpl.java:39)
	at sun.reflect.DelegatingMethodAccessorImpl.invoke(DelegatingMethodAccessorImpl.java:25)
	at java.lang.reflect.Method.invoke(Method.java:597)
	at org.eclipse.equinox.launcher.Main.invokeFramework(Main.java:622)
	at org.eclipse.equinox.launcher.Main.basicRun(Main.java:577)
	at org.eclipse.equinox.launcher.Main.run(Main.java:1410)
	at org.eclipse.equinox.launcher.Main.main(Main.java:1386)

!ENTRY org.eclipse.equinox.app 0 0 2013-08-22 15:42:31.091
!MESSAGE Product dk.itu.bigm.product could not be found.

!ENTRY org.eclipse.osgi 4 0 2013-08-22 15:42:31.138
!MESSAGE Application error
!STACK 1
java.lang.RuntimeException: No application id has been found.
	at org.eclipse.equinox.internal.app.EclipseAppContainer.startDefaultApp(EclipseAppContainer.java:242)
	at org.eclipse.equinox.internal.app.MainApplicationLauncher.run(MainApplicationLauncher.java:29)
	at org.eclipse.core.runtime.internal.adaptor.EclipseAppLauncher.runApplication(EclipseAppLauncher.java:110)
	at org.eclipse.core.runtime.internal.adaptor.EclipseAppLauncher.start(EclipseAppLauncher.java:79)
	at org.eclipse.core.runtime.adaptor.EclipseStarter.run(EclipseStarter.java:344)
	at org.eclipse.core.runtime.adaptor.EclipseStarter.run(EclipseStarter.java:179)
	at sun.reflect.NativeMethodAccessorImpl.invoke0(Native Method)
	at sun.reflect.NativeMethodAccessorImpl.invoke(NativeMethodAccessorImpl.java:39)
	at sun.reflect.DelegatingMethodAccessorImpl.invoke(DelegatingMethodAccessorImpl.java:25)
	at java.lang.reflect.Method.invoke(Method.java:597)
	at org.eclipse.equinox.launcher.Main.invokeFramework(Main.java:622)
	at org.eclipse.equinox.launcher.Main.basicRun(Main.java:577)
	at org.eclipse.equinox.launcher.Main.run(Main.java:1410)
	at org.eclipse.equinox.launcher.Main.main(Main.java:1386)
